<?xml version="1.0" encoding="UTF-8"?>
<!-- Generated by org.testng.reporters.JUnitXMLReporter -->
<testsuite hostname="ATMECSINLT-293" name="Default test" tests="2" failures="0" timestamp="30 Aug 2019 07:24:10 GMT" time="27.151" errors="0">
  <testcase name="tc01" time="5.755" classname="com.akshay.automation.testcases.pageobjects.TC_LoginPageObject"/>
  <testcase name="tc02" time="13.781" classname="com.akshay.automation.testcases.pageobjects.TC_LoginPageObject"/>
</testsuite> <!-- Default test -->
