<?xml version="1.0" encoding="UTF-8"?>
<!-- Generated by org.testng.reporters.JUnitXMLReporter -->
<testsuite hostname="ATMECSINLT-293" name="Test" tests="2" failures="2" timestamp="6 Sep 2019 11:40:27 GMT" time="10.214" errors="0">
  <testcase name="tc01" time="0.005" classname="com.akshay.automation.testcases.pageobjects.TC_LoginPageObject">
    <failure type="java.lang.NullPointerException">
      <![CDATA[java.lang.NullPointerException
	at com.akshay.automation.testcases.pageobjects.TC_LoginPageObject.tc01(TC_LoginPageObject.java:20)
... Removed 24 stack frames]]>
    </failure>
  </testcase> <!-- tc01 -->
  <testcase name="tc02" time="0.006" classname="com.akshay.automation.testcases.pageobjects.TC_LoginPageObject">
    <failure type="java.lang.NullPointerException">
      <![CDATA[java.lang.NullPointerException
	at com.akshay.automation.pageobjects.LoginPageObject.setUserName(LoginPageObject.java:20)
	at com.akshay.automation.testcases.pageobjects.TC_LoginPageObject.tc02(TC_LoginPageObject.java:30)
... Removed 24 stack frames]]>
    </failure>
  </testcase> <!-- tc02 -->
</testsuite> <!-- Test -->
