<?xml version="1.0" encoding="UTF-8"?>
<testng-results skipped="0" failed="0" total="2" passed="2">
  <reporter-output>
  </reporter-output>
  <suite name="Default suite" duration-ms="33492" started-at="2019-08-29T14:04:27Z" finished-at="2019-08-29T14:05:00Z">
    <groups>
    </groups>
    <test name="Default test" duration-ms="33492" started-at="2019-08-29T14:04:27Z" finished-at="2019-08-29T14:05:00Z">
      <class name="com.akshay.automation.testcases.TestCaseLoginPageObject">
        <test-method status="PASS" signature="preSetUp()[pri:0, instance:com.akshay.automation.testcases.TestCaseLoginPageObject@256216b3]" name="preSetUp" is-config="true" duration-ms="7043" started-at="2019-08-29T19:34:27Z" finished-at="2019-08-29T19:34:34Z">
          <reporter-output>
          </reporter-output>
        </test-method> <!-- preSetUp -->
        <test-method status="PASS" signature="tc01()[pri:0, instance:com.akshay.automation.testcases.TestCaseLoginPageObject@256216b3]" name="tc01" duration-ms="5104" started-at="2019-08-29T19:34:34Z" finished-at="2019-08-29T19:34:39Z">
          <reporter-output>
          </reporter-output>
        </test-method> <!-- tc01 -->
        <test-method status="PASS" signature="tc02()[pri:0, instance:com.akshay.automation.testcases.TestCaseLoginPageObject@256216b3]" name="tc02" duration-ms="20615" started-at="2019-08-29T19:34:39Z" finished-at="2019-08-29T19:35:00Z">
          <reporter-output>
          </reporter-output>
        </test-method> <!-- tc02 -->
        <test-method status="PASS" signature="tearDown()[pri:0, instance:com.akshay.automation.testcases.TestCaseLoginPageObject@256216b3]" name="tearDown" is-config="true" duration-ms="714" started-at="2019-08-29T19:35:00Z" finished-at="2019-08-29T19:35:00Z">
          <reporter-output>
          </reporter-output>
        </test-method> <!-- tearDown -->
      </class> <!-- com.akshay.automation.testcases.TestCaseLoginPageObject -->
    </test> <!-- Default test -->
  </suite> <!-- Default suite -->
</testng-results>
