<?xml version="1.0" encoding="UTF-8"?>
<!-- Generated by org.testng.reporters.JUnitXMLReporter -->
<testsuite hostname="ATMECSINLT-293" name="LoginScript" tests="2" failures="1" timestamp="29 Aug 2019 13:48:07 GMT" time="14.018" errors="0">
  <testcase name="tc03" time="5.323" classname="com.akshay.automation.testcases.TestCaseLoginPageFactory"/>
  <testcase name="tc04" time="0.001" classname="com.akshay.automation.testcases.TestCaseLoginPageFactory">
    <failure type="java.lang.NullPointerException">
      <![CDATA[java.lang.NullPointerException
	at org.openqa.selenium.support.pagefactory.DefaultElementLocator.findElement(DefaultElementLocator.java:69)
	at org.openqa.selenium.support.pagefactory.internal.LocatingElementHandler.invoke(LocatingElementHandler.java:38)
	at com.sun.proxy.$Proxy8.sendKeys(Unknown Source)
	at com.akshay.automation.pagefactory.LoginPageFactory.setPassword_pageFactory(LoginPageFactory.java:31)
	at com.akshay.automation.testcases.TestCaseLoginPageFactory.tc04(TestCaseLoginPageFactory.java:29)
... Removed 24 stack frames]]>
    </failure>
  </testcase> <!-- tc04 -->
</testsuite> <!-- LoginScript -->
