<?xml version="1.0" encoding="UTF-8"?>
<!-- Generated by org.testng.reporters.JUnitXMLReporter -->
<testsuite hostname="ATMECSINLT-293" name="LoginScriptPageFactory" tests="2" failures="2" timestamp="30 Aug 2019 07:23:19 GMT" time="14.858" errors="0">
  <testcase name="tc03" time="0.001" classname="com.akshay.automation.testcases.pagefactory.TC_LoginPageFactory">
    <failure type="java.lang.NullPointerException">
      <![CDATA[java.lang.NullPointerException
	at com.akshay.automation.testcases.pagefactory.TC_LoginPageFactory.tc03(TC_LoginPageFactory.java:20)
... Removed 24 stack frames]]>
    </failure>
  </testcase> <!-- tc03 -->
  <testcase name="tc04" time="10.034" classname="com.akshay.automation.testcases.pagefactory.TC_LoginPageFactory">
    <failure type="java.lang.NullPointerException">
      <![CDATA[java.lang.NullPointerException
	at org.openqa.selenium.support.pagefactory.DefaultElementLocator.findElement(DefaultElementLocator.java:69)
	at org.openqa.selenium.support.pagefactory.internal.LocatingElementHandler.invoke(LocatingElementHandler.java:38)
	at com.sun.proxy.$Proxy8.sendKeys(Unknown Source)
	at com.akshay.automation.pagefactory.LoginPageFactory.setUserName_pageFactory(LoginPageFactory.java:27)
	at com.akshay.automation.testcases.pagefactory.TC_LoginPageFactory.tc04(TC_LoginPageFactory.java:31)
... Removed 24 stack frames]]>
    </failure>
  </testcase> <!-- tc04 -->
</testsuite> <!-- LoginScriptPageFactory -->
