<?xml version="1.0" encoding="UTF-8"?>
<!-- Generated by org.testng.reporters.JUnitXMLReporter -->
<testsuite hostname="ATMECSINLT-293" name="LoginScriptPageObject" tests="2" failures="2" timestamp="30 Aug 2019 07:23:04 GMT" time="7.386" errors="0">
  <testcase name="tc01" time="0.006" classname="com.akshay.automation.testcases.pageobjects.TC_LoginPageObject">
    <failure type="java.lang.NullPointerException">
      <![CDATA[java.lang.NullPointerException
	at com.akshay.automation.testcases.pageobjects.TC_LoginPageObject.tc01(TC_LoginPageObject.java:21)
... Removed 24 stack frames]]>
    </failure>
  </testcase> <!-- tc01 -->
  <testcase name="tc02" time="0.005" classname="com.akshay.automation.testcases.pageobjects.TC_LoginPageObject">
    <failure type="java.lang.NullPointerException">
      <![CDATA[java.lang.NullPointerException
	at com.akshay.automation.pageobjects.LoginPageObject.setUserName(LoginPageObject.java:19)
	at com.akshay.automation.testcases.pageobjects.TC_LoginPageObject.tc02(TC_LoginPageObject.java:31)
... Removed 24 stack frames]]>
    </failure>
  </testcase> <!-- tc02 -->
</testsuite> <!-- LoginScriptPageObject -->
